<?xml version="1.0" encoding="UTF-8"?>
<!-- Generated by org.testng.reporters.JUnitReportReporter -->
<testsuite hostname="DESKTOP-0J3DD0K" failures="0" tests="5" name="TestNG1.NG1" time="6.678" errors="0" timestamp="2024-07-01T17:53:42 IST" skipped="0">
  <testcase classname="TestNG1.NG1" name="openapp" time="2.257"/>
  <system-out/>
  <testcase classname="TestNG1.NG1" name="loginCire" time="0.471"/>
  <system-out/>
  <testcase classname="TestNG1.NG1" name="loginMyPC" time="0.840"/>
  <system-out/>
  <testcase classname="TestNG1.NG1" name="booking" time="2.240"/>
  <system-out/>
  <testcase classname="TestNG1.NG1" name="logout" time="0.870"/>
  <system-out/>
</testsuite> <!-- TestNG1.NG1 -->
