<?xml version="1.0" encoding="UTF-8"?>
<!-- Generated by org.testng.reporters.JUnitReportReporter -->
<testsuite hostname="DESKTOP-0J3DD0K" failures="0" tests="5" name="TestNG1.adminMyPC" time="13.009" errors="0" timestamp="2024-07-04T12:06:46 IST" skipped="0">
  <testcase classname="TestNG1.adminMyPC" name="openapp" time="1.687"/>
  <system-out/>
  <testcase classname="TestNG1.adminMyPC" name="login" time="0.341"/>
  <system-out/>
  <testcase classname="TestNG1.adminMyPC" name="LoginMyPC" time="3.151"/>
  <system-out/>
  <testcase classname="TestNG1.adminMyPC" name="admin" time="5.005"/>
  <system-out/>
  <testcase classname="TestNG1.adminMyPC" name="site" time="2.825"/>
  <system-out/>
</testsuite> <!-- TestNG1.adminMyPC -->
