<?xml version="1.0" encoding="UTF-8"?>
<!-- Generated by org.testng.reporters.JUnitReportReporter -->
<testsuite hostname="DESKTOP-0J3DD0K" failures="0" tests="5" name="TestNG1.MyPCLogin" time="10.446" errors="0" timestamp="2024-07-04T12:06:46 IST" skipped="0">
  <testcase classname="TestNG1.MyPCLogin" name="openapp" time="1.342"/>
  <system-out/>
  <testcase classname="TestNG1.MyPCLogin" name="loginCire" time="0.345"/>
  <system-out/>
  <testcase classname="TestNG1.MyPCLogin" name="loginMyPC" time="0.527"/>
  <system-out/>
  <testcase classname="TestNG1.MyPCLogin" name="booking" time="6.969"/>
  <system-out/>
  <testcase classname="TestNG1.MyPCLogin" name="logout" time="1.263"/>
  <system-out/>
</testsuite> <!-- TestNG1.MyPCLogin -->
